
> frontend@0.1.0 start
> react-scripts start

Starting the development server...

Compiled successfully!

You can now view frontend in the browser.

  Local:            http://localhost:3000
  On Your Network:  http://192.168.0.101:3000

Note that the development build is not optimized.
To create a production build, use npm run build.

webpack compiled [1m[32msuccessfully[39m[22m
Compiling...
Compiled successfully!
webpack compiled [1m[32msuccessfully[39m[22m
Compiling...
Compiled successfully!
webpack compiled [1m[32msuccessfully[39m[22m
Compiling...
Compiled successfully!
webpack compiled [1m[32msuccessfully[39m[22m
Compiling...
Compiled successfully!
webpack compiled [1m[32msuccessfully[39m[22m
Compiling...
Compiled successfully!
webpack compiled [1m[32msuccessfully[39m[22m
Compiling...
Compiled successfully!
webpack compiled [1m[32msuccessfully[39m[22m
Compiling...
Compiled successfully!
webpack compiled [1m[32msuccessfully[39m[22m
Compiling...
Compiled successfully!
webpack compiled [1m[32msuccessfully[39m[22m
Compiling...
Compiled successfully!
webpack compiled [1m[32msuccessfully[39m[22m
Compiling...
Compiled successfully!
webpack compiled [1m[32msuccessfully[39m[22m
Compiling...
Compiled successfully!
webpack compiled [1m[32msuccessfully[39m[22m
Compiling...
Compiled successfully!
webpack compiled [1m[32msuccessfully[39m[22m
Compiling...
Compiled successfully!
webpack compiled [1m[32msuccessfully[39m[22m
Compiling...
Compiled successfully!
webpack compiled [1m[32msuccessfully[39m[22m
Compiling...
Compiled successfully!
webpack compiled [1m[32msuccessfully[39m[22m
Compiling...
Compiled successfully!
webpack compiled [1m[32msuccessfully[39m[22m
Compiling...
Compiled successfully!
webpack compiled [1m[32msuccessfully[39m[22m
Compiling...
Compiled successfully!
webpack compiled [1m[32msuccessfully[39m[22m
Compiling...
Compiled successfully!
webpack compiled [1m[32msuccessfully[39m[22m
Compiling...
Compiled successfully!
webpack compiled [1m[32msuccessfully[39m[22m
Compiling...
Compiled successfully!
webpack compiled [1m[32msuccessfully[39m[22m
Compiling...
Compiled successfully!
webpack compiled [1m[32msuccessfully[39m[22m
Compiling...
Compiled successfully!
webpack compiled [1m[32msuccessfully[39m[22m
Compiling...
Compiled successfully!
webpack compiled [1m[32msuccessfully[39m[22m
Compiling...
Compiled successfully!
webpack compiled [1m[32msuccessfully[39m[22m
Compiling...
Compiled successfully!
webpack compiled [1m[32msuccessfully[39m[22m
Compiling...
Compiled successfully!
webpack compiled [1m[32msuccessfully[39m[22m
Compiling...
Compiled successfully!
webpack compiled [1m[32msuccessfully[39m[22m
Compiling...
Compiled successfully!
webpack compiled [1m[32msuccessfully[39m[22m
Compiling...
Compiled successfully!
webpack compiled [1m[32msuccessfully[39m[22m
Compiling...
Compiled successfully!
webpack compiled [1m[32msuccessfully[39m[22m
Compiling...
Compiled with warnings.

[eslint] 
src\toolbar.js
  Line 1:1:  Unexpected Unicode BOM (Byte Order Mark)  unicode-bom

Search for the keywords to learn more about each warning.
To ignore, add // eslint-disable-next-line to the line before.

[1m[33mWARNING[39m[22m in [1m[eslint] 
src\toolbar.js
  Line 1:1:  [1m[31mUnexpected[39m[22m[1m Unicode BOM (Byte Order Mark)  unicode-bom

[39m[22m

webpack compiled with [1m[33m1 warning[39m[22m
Compiling...
Compiled with warnings.

[eslint] 
src\toolbar.js
  Line 1:1:  Unexpected Unicode BOM (Byte Order Mark)  unicode-bom

src\ui.js
  Line 1:1:  Unexpected Unicode BOM (Byte Order Mark)  unicode-bom

Search for the keywords to learn more about each warning.
To ignore, add // eslint-disable-next-line to the line before.

[1m[33mWARNING[39m[22m in [1m[eslint] 
src\toolbar.js
  Line 1:1:  [1m[31mUnexpected[39m[22m[1m Unicode BOM (Byte Order Mark)  unicode-bom

src\ui.js
  Line 1:1:  [1m[31mUnexpected[39m[22m[1m Unicode BOM (Byte Order Mark)  unicode-bom

[39m[22m

webpack compiled with [1m[33m1 warning[39m[22m
Compiling...
Compiled with warnings.

[eslint] 
src\toolbar.js
  Line 1:1:  Unexpected Unicode BOM (Byte Order Mark)  unicode-bom

src\ui.js
  Line 1:1:  Unexpected Unicode BOM (Byte Order Mark)  unicode-bom

Search for the keywords to learn more about each warning.
To ignore, add // eslint-disable-next-line to the line before.

[1m[33mWARNING[39m[22m in [1m[eslint] 
src\toolbar.js
  Line 1:1:  [1m[31mUnexpected[39m[22m[1m Unicode BOM (Byte Order Mark)  unicode-bom

src\ui.js
  Line 1:1:  [1m[31mUnexpected[39m[22m[1m Unicode BOM (Byte Order Mark)  unicode-bom

[39m[22m

webpack compiled with [1m[33m1 warning[39m[22m
Compiling...
Compiled with warnings.

[eslint] 
src\toolbar.js
  Line 1:1:  Unexpected Unicode BOM (Byte Order Mark)  unicode-bom

src\ui.js
  Line 1:1:  Unexpected Unicode BOM (Byte Order Mark)  unicode-bom

Search for the keywords to learn more about each warning.
To ignore, add // eslint-disable-next-line to the line before.

[1m[33mWARNING[39m[22m in [1m[eslint] 
src\toolbar.js
  Line 1:1:  [1m[31mUnexpected[39m[22m[1m Unicode BOM (Byte Order Mark)  unicode-bom

src\ui.js
  Line 1:1:  [1m[31mUnexpected[39m[22m[1m Unicode BOM (Byte Order Mark)  unicode-bom

[39m[22m

webpack compiled with [1m[33m1 warning[39m[22m
Compiling...
Compiled with warnings.

[eslint] 
src\toolbar.js
  Line 1:1:  Unexpected Unicode BOM (Byte Order Mark)  unicode-bom

src\ui.js
  Line 1:1:  Unexpected Unicode BOM (Byte Order Mark)  unicode-bom

Search for the keywords to learn more about each warning.
To ignore, add // eslint-disable-next-line to the line before.

[1m[33mWARNING[39m[22m in [1m[eslint] 
src\toolbar.js
  Line 1:1:  [1m[31mUnexpected[39m[22m[1m Unicode BOM (Byte Order Mark)  unicode-bom

src\ui.js
  Line 1:1:  [1m[31mUnexpected[39m[22m[1m Unicode BOM (Byte Order Mark)  unicode-bom

[39m[22m

webpack compiled with [1m[33m1 warning[39m[22m
Compiling...
Compiled with warnings.

[eslint] 
src\toolbar.js
  Line 1:1:  Unexpected Unicode BOM (Byte Order Mark)  unicode-bom

src\ui.js
  Line 1:1:  Unexpected Unicode BOM (Byte Order Mark)  unicode-bom

Search for the keywords to learn more about each warning.
To ignore, add // eslint-disable-next-line to the line before.

[1m[33mWARNING[39m[22m in [1m[eslint] 
src\toolbar.js
  Line 1:1:  [1m[31mUnexpected[39m[22m[1m Unicode BOM (Byte Order Mark)  unicode-bom

src\ui.js
  Line 1:1:  [1m[31mUnexpected[39m[22m[1m Unicode BOM (Byte Order Mark)  unicode-bom

[39m[22m

webpack compiled with [1m[33m1 warning[39m[22m
Compiling...
Compiled with warnings.

[eslint] 
src\toolbar.js
  Line 1:1:  Unexpected Unicode BOM (Byte Order Mark)  unicode-bom

src\ui.js
  Line 1:1:  Unexpected Unicode BOM (Byte Order Mark)  unicode-bom

Search for the keywords to learn more about each warning.
To ignore, add // eslint-disable-next-line to the line before.

[1m[33mWARNING[39m[22m in [1m[eslint] 
src\toolbar.js
  Line 1:1:  [1m[31mUnexpected[39m[22m[1m Unicode BOM (Byte Order Mark)  unicode-bom

src\ui.js
  Line 1:1:  [1m[31mUnexpected[39m[22m[1m Unicode BOM (Byte Order Mark)  unicode-bom

[39m[22m

webpack compiled with [1m[33m1 warning[39m[22m
Compiling...
Compiled successfully!
webpack compiled [1m[32msuccessfully[39m[22m
Compiling...
Compiled successfully!
webpack compiled [1m[32msuccessfully[39m[22m
Compiling...
Compiled successfully!
webpack compiled [1m[32msuccessfully[39m[22m
Compiling...
Compiled successfully!
webpack compiled [1m[32msuccessfully[39m[22m
Compiling...
Compiled successfully!
webpack compiled [1m[32msuccessfully[39m[22m
Compiling...
Compiled successfully!
webpack compiled [1m[32msuccessfully[39m[22m
Compiling...
Compiled successfully!
webpack compiled [1m[32msuccessfully[39m[22m
Compiling...
Compiled successfully!
webpack compiled [1m[32msuccessfully[39m[22m
Compiling...
Compiled successfully!
webpack compiled [1m[32msuccessfully[39m[22m
Compiling...
Compiled successfully!
webpack compiled [1m[32msuccessfully[39m[22m
Compiling...
Compiled successfully!
webpack compiled [1m[32msuccessfully[39m[22m
Failed to compile.

Module not found: Error: Can't resolve './baseNode' in 'C:\Users\bbook\Downloads\frontend_technical_assessment-20260501T152838Z-3-001\frontend_technical_assessment\frontend\src\nodes'
[1m[31mERROR[39m[22m in [1m./src/nodes/apiNode.js[39m[22m [1m[32m6:0-45[39m[22m
[1mModule [1m[31mnot found[39m[22m[1m: [1m[31mError[39m[22m[1m: Can't resolve './baseNode' in 'C:\Users\bbook\Downloads\frontend_technical_assessment-20260501T152838Z-3-001\frontend_technical_assessment\frontend\src\nodes'[39m[22m

[1m[31mERROR[39m[22m in [1m./src/nodes/delayNode.js[39m[22m [1m[32m6:0-45[39m[22m
[1mModule [1m[31mnot found[39m[22m[1m: [1m[31mError[39m[22m[1m: Can't resolve './baseNode' in 'C:\Users\bbook\Downloads\frontend_technical_assessment-20260501T152838Z-3-001\frontend_technical_assessment\frontend\src\nodes'[39m[22m

[1m[31mERROR[39m[22m in [1m./src/nodes/filterNode.js[39m[22m [1m[32m6:0-45[39m[22m
[1mModule [1m[31mnot found[39m[22m[1m: [1m[31mError[39m[22m[1m: Can't resolve './baseNode' in 'C:\Users\bbook\Downloads\frontend_technical_assessment-20260501T152838Z-3-001\frontend_technical_assessment\frontend\src\nodes'[39m[22m

[1m[31mERROR[39m[22m in [1m./src/nodes/inputNode.js[39m[22m [1m[32m6:0-45[39m[22m
[1mModule [1m[31mnot found[39m[22m[1m: [1m[31mError[39m[22m[1m: Can't resolve './baseNode' in 'C:\Users\bbook\Downloads\frontend_technical_assessment-20260501T152838Z-3-001\frontend_technical_assessment\frontend\src\nodes'[39m[22m

[1m[31mERROR[39m[22m in [1m./src/nodes/llmNode.js[39m[22m [1m[32m4:0-38[39m[22m
[1mModule [1m[31mnot found[39m[22m[1m: [1m[31mError[39m[22m[1m: Can't resolve './baseNode' in 'C:\Users\bbook\Downloads\frontend_technical_assessment-20260501T152838Z-3-001\frontend_technical_assessment\frontend\src\nodes'[39m[22m

[1m[31mERROR[39m[22m in [1m./src/nodes/mathNode.js[39m[22m [1m[32m6:0-45[39m[22m
[1mModule [1m[31mnot found[39m[22m[1m: [1m[31mError[39m[22m[1m: Can't resolve './baseNode' in 'C:\Users\bbook\Downloads\frontend_technical_assessment-20260501T152838Z-3-001\frontend_technical_assessment\frontend\src\nodes'[39m[22m

[1m[31mERROR[39m[22m in [1m./src/nodes/mergeNode.js[39m[22m [1m[32m6:0-45[39m[22m
[1mModule [1m[31mnot found[39m[22m[1m: [1m[31mError[39m[22m[1m: Can't resolve './baseNode' in 'C:\Users\bbook\Downloads\frontend_technical_assessment-20260501T152838Z-3-001\frontend_technical_assessment\frontend\src\nodes'[39m[22m

[1m[31mERROR[39m[22m in [1m./src/nodes/outputNode.js[39m[22m [1m[32m6:0-45[39m[22m
[1mModule [1m[31mnot found[39m[22m[1m: [1m[31mError[39m[22m[1m: Can't resolve './baseNode' in 'C:\Users\bbook\Downloads\frontend_technical_assessment-20260501T152838Z-3-001\frontend_technical_assessment\frontend\src\nodes'[39m[22m

[1m[31mERROR[39m[22m in [1m./src/nodes/textNode.js[39m[22m [1m[32m7:0-45[39m[22m
[1mModule [1m[31mnot found[39m[22m[1m: [1m[31mError[39m[22m[1m: Can't resolve './baseNode' in 'C:\Users\bbook\Downloads\frontend_technical_assessment-20260501T152838Z-3-001\frontend_technical_assessment\frontend\src\nodes'[39m[22m

webpack compiled with [1m[31m9 errors[39m[22m
Compiling...
Compiled successfully!
webpack compiled [1m[32msuccessfully[39m[22m
Compiling...
Compiled successfully!
webpack compiled [1m[32msuccessfully[39m[22m
Compiling...
Compiled successfully!
webpack compiled [1m[32msuccessfully[39m[22m
Compiling...
Compiled successfully!
webpack compiled [1m[32msuccessfully[39m[22m
Compiling...
Compiled successfully!
webpack compiled [1m[32msuccessfully[39m[22m
Compiling...
Compiled successfully!
webpack compiled [1m[32msuccessfully[39m[22m
Compiling...
Compiled successfully!
webpack compiled [1m[32msuccessfully[39m[22m
Compiling...
Compiled successfully!
webpack compiled [1m[32msuccessfully[39m[22m
Compiling...
Compiled successfully!
webpack compiled [1m[32msuccessfully[39m[22m
Compiling...
Compiled successfully!
webpack compiled [1m[32msuccessfully[39m[22m
Compiling...
Compiled successfully!
webpack compiled [1m[32msuccessfully[39m[22m
Compiling...
Compiled successfully!
webpack compiled [1m[32msuccessfully[39m[22m
Failed to compile.

Module not found: Error: Can't resolve './nodes.css' in 'C:\Users\bbook\Downloads\frontend_technical_assessment-20260501T152838Z-3-001\frontend_technical_assessment\frontend\src\nodes'
[1m[31mERROR[39m[22m in [1m./src/nodes/baseNode.js[39m[22m [1m[32m7:0-21[39m[22m
[1mModule [1m[31mnot found[39m[22m[1m: [1m[31mError[39m[22m[1m: Can't resolve './nodes.css' in 'C:\Users\bbook\Downloads\frontend_technical_assessment-20260501T152838Z-3-001\frontend_technical_assessment\frontend\src\nodes'[39m[22m

webpack compiled with [1m[31m1 error[39m[22m
Compiling...
Compiled successfully!
webpack compiled [1m[32msuccessfully[39m[22m
Compiling...
Compiled successfully!
webpack compiled [1m[32msuccessfully[39m[22m
Compiling...
Compiled successfully!
webpack compiled [1m[32msuccessfully[39m[22m
Compiling...
Compiled successfully!
webpack compiled [1m[32msuccessfully[39m[22m
Compiling...
Compiled successfully!
webpack compiled [1m[32msuccessfully[39m[22m
Compiling...
Compiled successfully!
webpack compiled [1m[32msuccessfully[39m[22m
Compiling...
Compiled successfully!
webpack compiled [1m[32msuccessfully[39m[22m
Compiling...
Compiled successfully!
webpack compiled [1m[32msuccessfully[39m[22m
Compiling...
Compiled successfully!
webpack compiled [1m[32msuccessfully[39m[22m
Compiling...
Compiled successfully!
webpack compiled [1m[32msuccessfully[39m[22m
Compiling...
Compiled successfully!
webpack compiled [1m[32msuccessfully[39m[22m
Compiling...
Compiled successfully!
webpack compiled [1m[32msuccessfully[39m[22m
Compiling...
Compiled successfully!
webpack compiled [1m[32msuccessfully[39m[22m
Compiling...
Compiled successfully!
webpack compiled [1m[32msuccessfully[39m[22m
Compiling...
Compiled successfully!
webpack compiled [1m[32msuccessfully[39m[22m
Compiling...
Compiled successfully!
webpack compiled [1m[32msuccessfully[39m[22m
Compiling...
Compiled successfully!
webpack compiled [1m[32msuccessfully[39m[22m
Compiling...
Compiled successfully!
webpack compiled [1m[32msuccessfully[39m[22m
